<?xml version="1.0" encoding="UTF-8"?>
<testsuite name="org.example.AppTest" tests="1" skipped="0" failures="0" errors="0" timestamp="2025-05-27T23:53:49.060Z" hostname="DESKTOP-T0I64L1" time="0.009">
  <properties/>
  <testcase name="appHasAGreeting" classname="org.example.AppTest" time="0.009"/>
  <system-out><![CDATA[]]></system-out>
  <system-err><![CDATA[]]></system-err>
</testsuite>
